2024-03-27T02:18:56.183592800 - Request received at: 2024-03-27T02:18:56.182591600
2024-03-27T02:18:56.184591900 - Response sent: redirect:/login
2024-03-27T02:18:56.221771600 - Request received at: 2024-03-27T02:18:56.221771600
2024-03-27T02:18:56.223788200 - Response sent: login
2024-03-27T02:19:24.524397600 - Request received at: 2024-03-27T02:19:24.523393100
2024-03-27T02:19:24.611430 - Response sent: login
2024-03-27T02:19:47.124408800 - Request received at: 2024-03-27T02:19:47.124408800
2024-03-27T02:19:47.135895900 - Response sent: login
2024-03-27T02:21:35.924856 - Request received at: 2024-03-27T02:21:35.924856
2024-03-27T02:21:35.926856300 - Response sent: login
2024-03-27T02:23:13.602304500 - Request received at: 2024-03-27T02:23:13.602304500
2024-03-27T02:23:13.604314900 - Response sent: signup
2024-03-27T04:44:20.352535400 - Transaction started for method: 
2024-03-27T04:44:21.123594500 - Transaction successfully completed for method: 
2024-03-27T04:45:37.504195900 - Transaction started for method: 
2024-03-27T04:45:38.244471600 - Transaction successfully completed for method: 
2024-03-27T05:08:31.646976700 - Transaction started for method: 
2024-03-27T05:08:32.401099700 - Transaction successfully completed for method: 
2024-03-27T05:13:27.000962200 - Transaction started for method: 
2024-03-27T05:13:27.200873500 - Transaction successfully completed for method: 
2024-03-27T05:15:29.955041300 - Transaction started for method: 
2024-03-27T05:15:30.113798100 - Transaction successfully completed for method: 
2024-03-27T05:19:17.017423700 - Transaction started for method: 
2024-03-27T05:19:17.211528300 - Transaction successfully completed for method: 
2024-03-27T05:22:11.080994 - Transaction started for method: 
2024-03-27T05:22:11.298798900 - Transaction successfully completed for method: 
2024-03-27T05:22:30.983190800 - Transaction started for method: 
2024-03-27T05:22:31.215738700 - Transaction successfully completed for method: 
2024-03-27T05:24:08.546765500 - Transaction started for method: 
2024-03-27T05:24:08.830425900 - Transaction successfully completed for method: 
2024-03-27T05:56:22.075719600 - Request received at: 2024-03-27T05:56:22.075719600
2024-03-27T05:56:22.076721200 - Response sent: index
2024-03-27T05:56:27.798888300 - Request received at: 2024-03-27T05:56:27.798888300
2024-03-27T05:56:27.798888300 - Response sent: index
2024-03-27T05:56:29.166215500 - Request received at: 2024-03-27T05:56:29.166215500
2024-03-27T05:56:29.272727900 - Response sent: viewBookings
2024-03-27T06:06:11.213230800 - Request received at: 2024-03-27T06:06:11.213230800
2024-03-27T06:06:11.214326100 - Response sent: index
2024-03-27T06:06:15.057914400 - Request received at: 2024-03-27T06:06:15.057914400
2024-03-27T06:06:15.059194300 - Response sent: signup
2024-03-27T06:06:37.780714400 - Request received at: 2024-03-27T06:06:37.780714400
2024-03-27T06:06:37.781723400 - Response sent: login
2024-03-27T06:07:41.237810300 - Request received at: 2024-03-27T06:07:41.237810300
2024-03-27T06:07:41.237810300 - Response sent: signup
2024-03-27T06:09:53.867178900 - Request received at: 2024-03-27T06:09:53.867178900
2024-03-27T06:09:53.868187700 - Response sent: login
2024-03-27T06:31:50.944557300 - Request received at: 2024-03-27T06:31:50.944557300
2024-03-27T06:31:50.944557300 - Response sent: signup
2024-03-27T06:32:09.261903800 - Request received at: 2024-03-27T06:32:09.261903800
2024-03-27T06:32:09.262409500 - Response sent: createBook
2024-03-27T06:32:16.408896600 - Request received at: 2024-03-27T06:32:16.408392400
2024-03-27T06:32:16.408896600 - Response sent: profile
2024-03-27T06:35:10.778295 - Request received at: 2024-03-27T06:35:10.778295
2024-03-27T06:35:24.368195900 - Request received at: 2024-03-27T06:35:24.368195900
2024-03-27T06:35:24.369199900 - Response sent: signup
2024-03-27T06:36:19.545536700 - Request received at: 2024-03-27T06:36:19.545536700
2024-03-27T06:36:19.700419700 - Response sent: index
2024-03-27T06:37:24.308807800 - Request received at: 2024-03-27T06:37:24.307642400
2024-03-27T06:37:24.309814800 - Response sent: index
2024-03-27T06:37:44.954865500 - Request received at: 2024-03-27T06:37:44.954865500
2024-03-27T06:37:44.955864400 - Response sent: login
2024-03-27T06:37:54.609121300 - Request received at: 2024-03-27T06:37:54.609121300
2024-03-27T06:37:54.613192200 - Response sent: login
2024-03-27T06:38:13.039523400 - Request received at: 2024-03-27T06:38:13.039523400
2024-03-27T06:38:13.043577100 - Response sent: login
2024-03-27T06:38:33.966335200 - Request received at: 2024-03-27T06:38:33.966335200
2024-03-27T06:38:33.967332200 - Response sent: login
2024-03-27T06:38:35.390075900 - Request received at: 2024-03-27T06:38:35.390075900
2024-03-27T06:38:35.390075900 - Response sent: login
2024-03-27T06:39:07.730943800 - Request received at: 2024-03-27T06:39:07.730943800
2024-03-27T06:39:07.735095500 - Response sent: login
2024-03-27T06:46:04.974018900 - Request received at: 2024-03-27T06:46:04.974018900
2024-03-27T06:46:04.974018900 - Response sent: login
2024-03-27T06:46:06.353451 - Request received at: 2024-03-27T06:46:06.352453800
2024-03-27T06:46:06.353451 - Response sent: login
2024-03-27T06:46:19.082031 - Request received at: 2024-03-27T06:46:19.080691700
2024-03-27T06:46:19.302436700 - Response sent: login
2024-03-27T06:51:23.057004400 - Request received at: 2024-03-27T06:51:23.057004400
2024-03-27T06:51:23.058008800 - Response sent: login
2024-03-27T06:51:35.957795100 - Request received at: 2024-03-27T06:51:35.957795100
2024-03-27T06:53:50.664278300 - Response sent: login
2024-03-27T06:54:02.133431200 - Request received at: 2024-03-27T06:54:02.132430600
2024-03-27T06:54:02.134431700 - Response sent: login
2024-03-27T06:54:04.329965500 - Request received at: 2024-03-27T06:54:04.328958500
2024-03-27T06:54:04.329965500 - Response sent: login
2024-03-27T06:54:05.684290600 - Request received at: 2024-03-27T06:54:05.683294600
2024-03-27T06:54:05.684290600 - Response sent: login
2024-03-27T06:54:22.049987800 - Request received at: 2024-03-27T06:54:22.049987800
2024-03-27T06:56:57.957011200 - Response sent: login
2024-03-27T06:58:31.653290400 - Request received at: 2024-03-27T06:58:31.653290400
2024-03-27T06:58:31.653290400 - Response sent: login
2024-03-27T06:58:32.461275100 - Request received at: 2024-03-27T06:58:32.461275100
2024-03-27T06:58:32.461275100 - Response sent: login
2024-03-27T06:58:49.099697200 - Request received at: 2024-03-27T06:58:49.099697200
2024-03-27T06:58:49.317108 - Response sent: login
2024-03-27T06:59:46.065983700 - Request received at: 2024-03-27T06:59:46.065983700
2024-03-27T06:59:46.065983700 - Response sent: signup
2024-03-27T06:59:52.516658800 - Request received at: 2024-03-27T06:59:52.516658800
2024-03-27T06:59:52.517663800 - Response sent: profile
2024-03-27T07:00:36.181747100 - Request received at: 2024-03-27T07:00:36.181747100
2024-03-27T07:00:36.240177200 - Response sent: redirect:/home
2024-03-27T07:00:36.269654800 - Request received at: 2024-03-27T07:00:36.269654800
2024-03-27T07:00:36.269654800 - Response sent: index
2024-03-27T07:00:52.605022900 - Request received at: 2024-03-27T07:00:52.605022900
2024-03-27T07:00:52.605022900 - Response sent: login
2024-03-27T07:02:46.523944700 - Request received at: 2024-03-27T07:02:46.523944700
2024-03-27T07:02:46.523944700 - Response sent: login
2024-03-27T07:03:03.431997100 - Request received at: 2024-03-27T07:03:03.431900100
2024-03-27T07:03:03.705906300 - Response sent: index
2024-03-27T07:03:27.089456400 - Request received at: 2024-03-27T07:03:27.089456400
2024-03-27T07:03:27.104403200 - Response sent: viewBookings
2024-03-27T07:03:49.079134900 - Request received at: 2024-03-27T07:03:49.079134900
2024-03-27T07:03:49.080134400 - Response sent: createBook
2024-03-27T07:04:49.659636900 - Request received at: 2024-03-27T07:04:49.659636900
2024-03-27T07:04:49.664891900 - Transaction started for method: 
2024-03-27T07:04:49.707893900 - Transaction successfully completed for method: 
2024-03-27T07:04:49.723107 - Response sent: index
2024-03-27T07:04:56.926956700 - Request received at: 2024-03-27T07:04:56.926956700
2024-03-27T07:04:56.927956400 - Response sent: createBook
2024-03-27T07:12:35.216285600 - Request received at: 2024-03-27T07:12:35.216285600
2024-03-27T07:12:35.216285600 - Response sent: signup
2024-03-27T07:46:00.649393400 - Request received at: 2024-03-27T07:46:00.649393400
2024-03-27T07:46:00.650393100 - Response sent: createBook
2024-03-27T07:46:23.360714700 - Request received at: 2024-03-27T07:46:23.360714700
2024-03-27T07:46:23.371871900 - Response sent: viewBookings
2024-03-27T08:01:45.770213400 - Request received at: 2024-03-27T08:01:45.770213400
2024-03-27T08:01:45.772569300 - Response sent: createBook
2024-03-27T12:22:00.776794700 - Request received at: 2024-03-27T12:22:00.768771
2024-03-27T12:22:00.784794600 - Response sent: redirect:/login
2024-03-27T12:42:28.346367200 - Request received at: 2024-03-27T12:42:28.345851900
2024-03-27T12:42:28.348745200 - Response sent: redirect:/login
2024-03-27T12:42:28.426805400 - Request received at: 2024-03-27T12:42:28.426805400
2024-03-27T12:42:28.428028800 - Response sent: login
2024-03-27T12:43:03.590530400 - Request received at: 2024-03-27T12:43:03.590530400
2024-03-27T12:43:03.923468800 - Response sent: index
2024-03-27T12:43:32.236066400 - Request received at: 2024-03-27T12:43:32.236066400
2024-03-27T12:43:32.237087600 - Response sent: signup
2024-03-27T12:44:48.366304900 - Request received at: 2024-03-27T12:44:48.365305500
2024-03-27T12:44:48.744633200 - Response sent: index
2024-03-27T12:45:58.954136 - Request received at: 2024-03-27T12:45:58.953468600
2024-03-27T12:45:58.958337800 - Response sent: profile
2024-03-27T12:46:46.929577 - Request received at: 2024-03-27T12:46:46.928444600
2024-03-27T12:46:47.029794600 - Response sent: redirect:/home
2024-03-27T12:46:47.087594500 - Request received at: 2024-03-27T12:46:47.087594500
2024-03-27T12:46:47.089104600 - Response sent: index
2024-03-27T12:47:20.769423200 - Request received at: 2024-03-27T12:47:20.768810500
2024-03-27T12:47:20.770440900 - Response sent: profile
2024-03-27T12:48:22.484815100 - Request received at: 2024-03-27T12:48:22.484815100
2024-03-27T12:48:22.538599800 - Response sent: redirect:/home
2024-03-27T12:48:22.589452100 - Request received at: 2024-03-27T12:48:22.589452100
2024-03-27T12:48:22.590458100 - Response sent: index
2024-03-27T12:48:48.228526 - Request received at: 2024-03-27T12:48:48.227434100
2024-03-27T12:48:48.229542900 - Response sent: createBook
2024-03-27T12:49:46.637705900 - Request received at: 2024-03-27T12:49:46.637705900
2024-03-27T12:49:46.641253200 - Transaction started for method: 
2024-03-27T12:49:46.667379300 - Transaction successfully completed for method: 
2024-03-27T12:49:46.673207600 - Response sent: index
2024-03-27T12:52:09.915844700 - Request received at: 2024-03-27T12:52:09.915844700
2024-03-27T12:52:09.937977700 - Response sent: viewBookings
2024-03-27T15:01:25.905698500 - Request received at: 2024-03-27T15:01:25.902481300
2024-03-27T15:01:25.919074800 - Response sent: redirect:/login
2024-03-28T02:51:58.005539800 - Request received at: 2024-03-28T02:51:58.005539800
2024-03-28T02:51:58.013051800 - Response sent: redirect:/login
2024-05-22T12:15:14.283393800 - Request received at: 2024-05-22T12:15:14.282095400
2024-05-22T12:15:14.284710900 - Response sent: redirect:/login
2024-05-22T12:15:14.351147200 - Request received at: 2024-05-22T12:15:14.351147200
2024-05-22T12:15:14.352477500 - Response sent: login
2024-05-22T12:17:18.253049100 - Request received at: 2024-05-22T12:17:18.253049100
2024-05-22T12:17:18.790258600 - Response sent: login
2024-05-22T12:17:43.787716 - Request received at: 2024-05-22T12:17:43.787716
2024-05-22T12:17:44.086638300 - Response sent: login
2024-05-22T12:17:49.245770100 - Request received at: 2024-05-22T12:17:49.244769300
2024-05-22T12:17:49.543804800 - Response sent: login
2024-05-22T12:18:15.604037300 - Request received at: 2024-05-22T12:18:15.604037300
2024-05-22T12:18:15.604555100 - Response sent: signup
2024-05-22T12:19:05.468650500 - Request received at: 2024-05-22T12:19:05.468650500
2024-05-22T12:19:05.913715400 - Response sent: index
2024-05-22T12:19:18.940738800 - Request received at: 2024-05-22T12:19:18.939720300
2024-05-22T12:19:19.007607600 - Response sent: viewBookings
2024-05-22T12:19:23.827213700 - Request received at: 2024-05-22T12:19:23.827213700
2024-05-22T12:19:23.828295600 - Response sent: index
2024-05-22T12:19:34.926993900 - Request received at: 2024-05-22T12:19:34.926993900
2024-05-22T12:19:34.928009600 - Response sent: index
2024-05-22T12:19:38.731550400 - Request received at: 2024-05-22T12:19:38.731550400
2024-05-22T12:19:38.743233 - Response sent: viewBookings
2024-05-22T12:19:51.200612300 - Request received at: 2024-05-22T12:19:51.200612300
2024-05-22T12:19:51.202128900 - Response sent: signup
2024-05-22T12:20:00.609904900 - Request received at: 2024-05-22T12:20:00.609904900
2024-05-22T12:20:00.610422500 - Response sent: createBook
2024-05-22T12:20:04.899663600 - Request received at: 2024-05-22T12:20:04.898574800
2024-05-22T12:20:04.899663600 - Response sent: index
2024-05-22T12:20:15.571686600 - Request received at: 2024-05-22T12:20:15.571686600
2024-05-22T12:20:15.572754100 - Response sent: redirect:/login
2024-05-22T12:20:15.580928300 - Request received at: 2024-05-22T12:20:15.579929
2024-05-22T12:20:15.580928300 - Response sent: login
2024-05-22T12:20:29.922091 - Request received at: 2024-05-22T12:20:29.922091
2024-05-22T12:20:30.232544500 - Response sent: login
2024-05-22T16:47:53.594325500 - Request received at: 2024-05-22T16:47:53.592815600
2024-05-22T16:47:53.595374200 - Response sent: redirect:/login
2024-05-23T03:37:05.083243400 - Request received at: 2024-05-23T03:37:05.081059900
2024-05-23T03:37:05.084859700 - Response sent: redirect:/login
